[debug] [2024-09-30T07:02:01.439Z] ----------------------------------------------------------------------
[debug] [2024-09-30T07:02:01.451Z] Command:       C:\Program Files\nodejs\node.exe C:\Users\Imrany\AppData\Roaming\npm\node_modules\firebase-tools\lib\bin\firebase.js projects:create
[debug] [2024-09-30T07:02:01.453Z] CLI Version:   13.20.1
[debug] [2024-09-30T07:02:01.455Z] Platform:      win32
[debug] [2024-09-30T07:02:01.455Z] Node Version:  v18.19.1
[debug] [2024-09-30T07:02:01.457Z] Time:          Mon Sep 30 2024 10:02:01 GMT+0300 (East Africa Time)
[debug] [2024-09-30T07:02:01.459Z] ----------------------------------------------------------------------
[debug] 
[debug] [2024-09-30T07:02:01.506Z] > command requires scopes: ["email","openid","https://www.googleapis.com/auth/cloudplatformprojects.readonly","https://www.googleapis.com/auth/firebase","https://www.googleapis.com/auth/cloud-platform"]
[debug] [2024-09-30T07:02:01.508Z] > authorizing via signed-in user (imranmat254@gmail.com)
[debug] [2024-09-30T07:02:26.961Z] Checked if tokens are valid: true, expires at: 1727682844342
[debug] [2024-09-30T07:02:26.964Z] Checked if tokens are valid: true, expires at: 1727682844342
[debug] [2024-09-30T07:02:26.974Z] >>> [apiv2][query] POST https://cloudresourcemanager.googleapis.com/v1/projects [none]
[debug] [2024-09-30T07:02:26.977Z] >>> [apiv2][body] POST https://cloudresourcemanager.googleapis.com/v1/projects {"projectId":"mental-health-supports","name":"mental-health-supports"}
[debug] [2024-09-30T07:02:27.775Z] *** [apiv2] error from fetch(https://cloudresourcemanager.googleapis.com/v1/projects, {"headers":{},"method":"POST","signal":{},"body":"{\"projectId\":\"mental-health-supports\",\"name\":\"mental-health-supports\"}"}): FetchError: request to https://cloudresourcemanager.googleapis.com/v1/projects failed, reason: write EPROTO 4C1B0000:error:0A000119:SSL routines:ssl3_get_record:decryption failed or bad record mac:c:\ws\deps\openssl\openssl\ssl\record\ssl3_record.c:623:

[debug] [2024-09-30T07:02:28.390Z] FirebaseError: Failed to make request to https://cloudresourcemanager.googleapis.com/v1/projects
    at RetryOperation._fn (C:\Users\Imrany\AppData\Roaming\npm\node_modules\firebase-tools\lib\apiv2.js:261:31)
    at process.processTicksAndRejections (node:internal/process/task_queues:95:5)
[error] 
[error] Error: Failed to create project. See firebase-debug.log for more info.
